[2024-03-26 오전 8:41:56] Common.EncryptionBizEnCode, BizEnCode 복호화 실패 => 원본 문자열 [등록 테스트]
 80040154 클래스가 등록되지 않았습니다. (예외가 발생한 HRESULT: 0x80040154 (REGDB_E_CLASSNOTREG)) 오류로 인해 CLSID가 {7156F7C2-F370-422E-84A1-0A19F1AB42E5}인 구성 요소의 COM 클래스 팩터리를 검색하지 못했습니다.
[2024-03-26 오전 8:41:56] [Form_Load]
[2024-03-26 오전 8:44:50] [Form_Closing]
[2024-03-26 오전 8:49:19] Common.EncryptionBizEnCode, BizEnCode 복호화 실패 => 원본 문자열 [등록 테스트]
 80040154 클래스가 등록되지 않았습니다. (예외가 발생한 HRESULT: 0x80040154 (REGDB_E_CLASSNOTREG)) 오류로 인해 CLSID가 {7156F7C2-F370-422E-84A1-0A19F1AB42E5}인 구성 요소의 COM 클래스 팩터리를 검색하지 못했습니다.
[2024-03-26 오전 8:49:19] [Form_Load]
[2024-03-26 오전 8:49:36] Common.DercryptionBizEnCode, BizEnCode 암호화 실패 => 원본 문자열 []
 80040154 클래스가 등록되지 않았습니다. (예외가 발생한 HRESULT: 0x80040154 (REGDB_E_CLASSNOTREG)) 오류로 인해 CLSID가 {7156F7C2-F370-422E-84A1-0A19F1AB42E5}인 구성 요소의 COM 클래스 팩터리를 검색하지 못했습니다.
[2024-03-26 오전 8:49:56] update PPRESCR3 set Chk2 = 'Y' where Pres_ID = '000010000000010'
[2024-03-26 오전 8:49:56] RequestQuery : System.Data.SqlClient.SqlException (0x80131904): 개체 이름 'PPRESCR3'이(가) 유효하지 않습니다.
   위치: System.Data.SqlClient.SqlConnection.OnError(SqlException exception, Boolean breakConnection, Action`1 wrapCloseInAction)
   위치: System.Data.SqlClient.SqlInternalConnection.OnError(SqlException exception, Boolean breakConnection, Action`1 wrapCloseInAction)
   위치: System.Data.SqlClient.TdsParser.ThrowExceptionAndWarning(TdsParserStateObject stateObj, Boolean callerHasConnectionLock, Boolean asyncClose)
   위치: System.Data.SqlClient.TdsParser.TryRun(RunBehavior runBehavior, SqlCommand cmdHandler, SqlDataReader dataStream, BulkCopySimpleResultSet bulkCopyHandler, TdsParserStateObject stateObj, Boolean& dataReady)
   위치: System.Data.SqlClient.SqlDataReader.TryConsumeMetaData()
   위치: System.Data.SqlClient.SqlDataReader.get_MetaData()
   위치: System.Data.SqlClient.SqlCommand.FinishExecuteReader(SqlDataReader ds, RunBehavior runBehavior, String resetOptionsString, Boolean isInternal, Boolean forDescribeParameterEncryption, Boolean shouldCacheForAlwaysEncrypted)
   위치: System.Data.SqlClient.SqlCommand.RunExecuteReaderTds(CommandBehavior cmdBehavior, RunBehavior runBehavior, Boolean returnStream, Boolean async, Int32 timeout, Task& task, Boolean asyncWrite, Boolean inRetry, SqlDataReader ds, Boolean describeParameterEncryptionRequest)
   위치: System.Data.SqlClient.SqlCommand.RunExecuteReader(CommandBehavior cmdBehavior, RunBehavior runBehavior, Boolean returnStream, String method, TaskCompletionSource`1 completion, Int32 timeout, Task& task, Boolean& usedCache, Boolean asyncWrite, Boolean inRetry)
   위치: System.Data.SqlClient.SqlCommand.RunExecuteReader(CommandBehavior cmdBehavior, RunBehavior runBehavior, Boolean returnStream, String method)
   위치: System.Data.SqlClient.SqlCommand.ExecuteReader(CommandBehavior behavior, String method)
   위치: System.Data.SqlClient.SqlCommand.ExecuteReader()
   위치: JPharm._00_DB.PharmDataDB.RequestQuery(String query) 파일 C:\Users\bitks\source\repos\Git_Projects\pharm-JPharm\JPharm\JPharm\00_DB\PharmDataDB.cs:줄 60
ClientConnectionId:f56580da-7113-4761-8bf1-4fe706b36b9f
Error Number:208,State:1,Class:16 | update PPRESCR3 set Chk2 = 'Y' where Pres_ID = '000010000000010'
[2024-03-26 오전 8:49:59] update PPRESCR3 set Chk2 = 'Y' where Pres_ID = '000010000000010'
[2024-03-26 오전 8:49:59] RequestQuery : System.Data.SqlClient.SqlException (0x80131904): 개체 이름 'PPRESCR3'이(가) 유효하지 않습니다.
   위치: System.Data.SqlClient.SqlConnection.OnError(SqlException exception, Boolean breakConnection, Action`1 wrapCloseInAction)
   위치: System.Data.SqlClient.SqlInternalConnection.OnError(SqlException exception, Boolean breakConnection, Action`1 wrapCloseInAction)
   위치: System.Data.SqlClient.TdsParser.ThrowExceptionAndWarning(TdsParserStateObject stateObj, Boolean callerHasConnectionLock, Boolean asyncClose)
   위치: System.Data.SqlClient.TdsParser.TryRun(RunBehavior runBehavior, SqlCommand cmdHandler, SqlDataReader dataStream, BulkCopySimpleResultSet bulkCopyHandler, TdsParserStateObject stateObj, Boolean& dataReady)
   위치: System.Data.SqlClient.SqlDataReader.TryConsumeMetaData()
   위치: System.Data.SqlClient.SqlDataReader.get_MetaData()
   위치: System.Data.SqlClient.SqlCommand.FinishExecuteReader(SqlDataReader ds, RunBehavior runBehavior, String resetOptionsString, Boolean isInternal, Boolean forDescribeParameterEncryption, Boolean shouldCacheForAlwaysEncrypted)
   위치: System.Data.SqlClient.SqlCommand.RunExecuteReaderTds(CommandBehavior cmdBehavior, RunBehavior runBehavior, Boolean returnStream, Boolean async, Int32 timeout, Task& task, Boolean asyncWrite, Boolean inRetry, SqlDataReader ds, Boolean describeParameterEncryptionRequest)
   위치: System.Data.SqlClient.SqlCommand.RunExecuteReader(CommandBehavior cmdBehavior, RunBehavior runBehavior, Boolean returnStream, String method, TaskCompletionSource`1 completion, Int32 timeout, Task& task, Boolean& usedCache, Boolean asyncWrite, Boolean inRetry)
   위치: System.Data.SqlClient.SqlCommand.RunExecuteReader(CommandBehavior cmdBehavior, RunBehavior runBehavior, Boolean returnStream, String method)
   위치: System.Data.SqlClient.SqlCommand.ExecuteReader(CommandBehavior behavior, String method)
   위치: System.Data.SqlClient.SqlCommand.ExecuteReader()
   위치: JPharm._00_DB.PharmDataDB.RequestQuery(String query) 파일 C:\Users\bitks\source\repos\Git_Projects\pharm-JPharm\JPharm\JPharm\00_DB\PharmDataDB.cs:줄 60
ClientConnectionId:f56580da-7113-4761-8bf1-4fe706b36b9f
Error Number:208,State:1,Class:16 | update PPRESCR3 set Chk2 = 'Y' where Pres_ID = '000010000000010'
[2024-03-26 오전 8:59:12] Common.DercryptionBizEnCode, BizEnCode 암호화 실패 => 원본 문자열 []
 80040154 클래스가 등록되지 않았습니다. (예외가 발생한 HRESULT: 0x80040154 (REGDB_E_CLASSNOTREG)) 오류로 인해 CLSID가 {7156F7C2-F370-422E-84A1-0A19F1AB42E5}인 구성 요소의 COM 클래스 팩터리를 검색하지 못했습니다.
[2024-03-26 오전 8:59:23] Common.DercryptionBizEnCode, BizEnCode 암호화 실패 => 원본 문자열 []
 80040154 클래스가 등록되지 않았습니다. (예외가 발생한 HRESULT: 0x80040154 (REGDB_E_CLASSNOTREG)) 오류로 인해 CLSID가 {7156F7C2-F370-422E-84A1-0A19F1AB42E5}인 구성 요소의 COM 클래스 팩터리를 검색하지 못했습니다.
[2024-03-26 오전 8:59:24] Common.DercryptionBizEnCode, BizEnCode 암호화 실패 => 원본 문자열 []
 80040154 클래스가 등록되지 않았습니다. (예외가 발생한 HRESULT: 0x80040154 (REGDB_E_CLASSNOTREG)) 오류로 인해 CLSID가 {7156F7C2-F370-422E-84A1-0A19F1AB42E5}인 구성 요소의 COM 클래스 팩터리를 검색하지 못했습니다.
[2024-03-26 오전 8:59:35] update PPRESCR3 set Chk2 = 'Y' where Pres_ID = '000010000000010'
[2024-03-26 오전 8:59:35] RequestQuery : System.Data.SqlClient.SqlException (0x80131904): 개체 이름 'PPRESCR3'이(가) 유효하지 않습니다.
   위치: System.Data.SqlClient.SqlConnection.OnError(SqlException exception, Boolean breakConnection, Action`1 wrapCloseInAction)
   위치: System.Data.SqlClient.SqlInternalConnection.OnError(SqlException exception, Boolean breakConnection, Action`1 wrapCloseInAction)
   위치: System.Data.SqlClient.TdsParser.ThrowExceptionAndWarning(TdsParserStateObject stateObj, Boolean callerHasConnectionLock, Boolean asyncClose)
   위치: System.Data.SqlClient.TdsParser.TryRun(RunBehavior runBehavior, SqlCommand cmdHandler, SqlDataReader dataStream, BulkCopySimpleResultSet bulkCopyHandler, TdsParserStateObject stateObj, Boolean& dataReady)
   위치: System.Data.SqlClient.SqlDataReader.TryConsumeMetaData()
   위치: System.Data.SqlClient.SqlDataReader.get_MetaData()
   위치: System.Data.SqlClient.SqlCommand.FinishExecuteReader(SqlDataReader ds, RunBehavior runBehavior, String resetOptionsString, Boolean isInternal, Boolean forDescribeParameterEncryption, Boolean shouldCacheForAlwaysEncrypted)
   위치: System.Data.SqlClient.SqlCommand.RunExecuteReaderTds(CommandBehavior cmdBehavior, RunBehavior runBehavior, Boolean returnStream, Boolean async, Int32 timeout, Task& task, Boolean asyncWrite, Boolean inRetry, SqlDataReader ds, Boolean describeParameterEncryptionRequest)
   위치: System.Data.SqlClient.SqlCommand.RunExecuteReader(CommandBehavior cmdBehavior, RunBehavior runBehavior, Boolean returnStream, String method, TaskCompletionSource`1 completion, Int32 timeout, Task& task, Boolean& usedCache, Boolean asyncWrite, Boolean inRetry)
   위치: System.Data.SqlClient.SqlCommand.RunExecuteReader(CommandBehavior cmdBehavior, RunBehavior runBehavior, Boolean returnStream, String method)
   위치: System.Data.SqlClient.SqlCommand.ExecuteReader(CommandBehavior behavior, String method)
   위치: System.Data.SqlClient.SqlCommand.ExecuteReader()
   위치: JPharm._00_DB.PharmDataDB.RequestQuery(String query) 파일 C:\Users\bitks\source\repos\Git_Projects\pharm-JPharm\JPharm\JPharm\00_DB\PharmDataDB.cs:줄 60
ClientConnectionId:3b04795f-669b-47b0-a651-4e6e158aedcd
Error Number:208,State:1,Class:16 | update PPRESCR3 set Chk2 = 'Y' where Pres_ID = '000010000000010'
[2024-03-26 오전 8:59:50] update PPRESCR3 set Chk2 = 'Y' where Pres_ID = '000010000000010'
[2024-03-26 오전 8:59:50] RequestQuery : System.Data.SqlClient.SqlException (0x80131904): 개체 이름 'PPRESCR3'이(가) 유효하지 않습니다.
   위치: System.Data.SqlClient.SqlConnection.OnError(SqlException exception, Boolean breakConnection, Action`1 wrapCloseInAction)
   위치: System.Data.SqlClient.SqlInternalConnection.OnError(SqlException exception, Boolean breakConnection, Action`1 wrapCloseInAction)
   위치: System.Data.SqlClient.TdsParser.ThrowExceptionAndWarning(TdsParserStateObject stateObj, Boolean callerHasConnectionLock, Boolean asyncClose)
   위치: System.Data.SqlClient.TdsParser.TryRun(RunBehavior runBehavior, SqlCommand cmdHandler, SqlDataReader dataStream, BulkCopySimpleResultSet bulkCopyHandler, TdsParserStateObject stateObj, Boolean& dataReady)
   위치: System.Data.SqlClient.SqlDataReader.TryConsumeMetaData()
   위치: System.Data.SqlClient.SqlDataReader.get_MetaData()
   위치: System.Data.SqlClient.SqlCommand.FinishExecuteReader(SqlDataReader ds, RunBehavior runBehavior, String resetOptionsString, Boolean isInternal, Boolean forDescribeParameterEncryption, Boolean shouldCacheForAlwaysEncrypted)
   위치: System.Data.SqlClient.SqlCommand.RunExecuteReaderTds(CommandBehavior cmdBehavior, RunBehavior runBehavior, Boolean returnStream, Boolean async, Int32 timeout, Task& task, Boolean asyncWrite, Boolean inRetry, SqlDataReader ds, Boolean describeParameterEncryptionRequest)
   위치: System.Data.SqlClient.SqlCommand.RunExecuteReader(CommandBehavior cmdBehavior, RunBehavior runBehavior, Boolean returnStream, String method, TaskCompletionSource`1 completion, Int32 timeout, Task& task, Boolean& usedCache, Boolean asyncWrite, Boolean inRetry)
   위치: System.Data.SqlClient.SqlCommand.RunExecuteReader(CommandBehavior cmdBehavior, RunBehavior runBehavior, Boolean returnStream, String method)
   위치: System.Data.SqlClient.SqlCommand.ExecuteReader(CommandBehavior behavior, String method)
   위치: System.Data.SqlClient.SqlCommand.ExecuteReader()
   위치: JPharm._00_DB.PharmDataDB.RequestQuery(String query) 파일 C:\Users\bitks\source\repos\Git_Projects\pharm-JPharm\JPharm\JPharm\00_DB\PharmDataDB.cs:줄 60
ClientConnectionId:3b04795f-669b-47b0-a651-4e6e158aedcd
Error Number:208,State:1,Class:16 | update PPRESCR3 set Chk2 = 'Y' where Pres_ID = '000010000000010'
[2024-03-26 오전 9:17:36] Common.DercryptionBizEnCode, BizEnCode 암호화 실패 => 원본 문자열 []
 80040154 클래스가 등록되지 않았습니다. (예외가 발생한 HRESULT: 0x80040154 (REGDB_E_CLASSNOTREG)) 오류로 인해 CLSID가 {7156F7C2-F370-422E-84A1-0A19F1AB42E5}인 구성 요소의 COM 클래스 팩터리를 검색하지 못했습니다.
[2024-03-26 오전 9:18:10] Common.DercryptionBizEnCode, BizEnCode 암호화 실패 => 원본 문자열 []
 80040154 클래스가 등록되지 않았습니다. (예외가 발생한 HRESULT: 0x80040154 (REGDB_E_CLASSNOTREG)) 오류로 인해 CLSID가 {7156F7C2-F370-422E-84A1-0A19F1AB42E5}인 구성 요소의 COM 클래스 팩터리를 검색하지 못했습니다.
[2024-03-26 오전 9:24:51] Common.DercryptionBizEnCode, BizEnCode 암호화 실패 => 원본 문자열 []
 80040154 클래스가 등록되지 않았습니다. (예외가 발생한 HRESULT: 0x80040154 (REGDB_E_CLASSNOTREG)) 오류로 인해 CLSID가 {7156F7C2-F370-422E-84A1-0A19F1AB42E5}인 구성 요소의 COM 클래스 팩터리를 검색하지 못했습니다.
[2024-03-26 오전 9:42:45] Common.DercryptionBizEnCode, BizEnCode 암호화 실패 => 원본 문자열 []
 80040154 클래스가 등록되지 않았습니다. (예외가 발생한 HRESULT: 0x80040154 (REGDB_E_CLASSNOTREG)) 오류로 인해 CLSID가 {7156F7C2-F370-422E-84A1-0A19F1AB42E5}인 구성 요소의 COM 클래스 팩터리를 검색하지 못했습니다.
[2024-03-26 오전 9:42:47] Common.DercryptionBizEnCode, BizEnCode 암호화 실패 => 원본 문자열 []
 80040154 클래스가 등록되지 않았습니다. (예외가 발생한 HRESULT: 0x80040154 (REGDB_E_CLASSNOTREG)) 오류로 인해 CLSID가 {7156F7C2-F370-422E-84A1-0A19F1AB42E5}인 구성 요소의 COM 클래스 팩터리를 검색하지 못했습니다.
[2024-03-26 오전 9:42:54] Common.DercryptionBizEnCode, BizEnCode 암호화 실패 => 원본 문자열 []
 80040154 클래스가 등록되지 않았습니다. (예외가 발생한 HRESULT: 0x80040154 (REGDB_E_CLASSNOTREG)) 오류로 인해 CLSID가 {7156F7C2-F370-422E-84A1-0A19F1AB42E5}인 구성 요소의 COM 클래스 팩터리를 검색하지 못했습니다.
[2024-03-26 오전 9:42:55] Common.DercryptionBizEnCode, BizEnCode 암호화 실패 => 원본 문자열 []
 80040154 클래스가 등록되지 않았습니다. (예외가 발생한 HRESULT: 0x80040154 (REGDB_E_CLASSNOTREG)) 오류로 인해 CLSID가 {7156F7C2-F370-422E-84A1-0A19F1AB42E5}인 구성 요소의 COM 클래스 팩터리를 검색하지 못했습니다.
[2024-03-26 오전 9:42:57] Common.DercryptionBizEnCode, BizEnCode 암호화 실패 => 원본 문자열 []
 80040154 클래스가 등록되지 않았습니다. (예외가 발생한 HRESULT: 0x80040154 (REGDB_E_CLASSNOTREG)) 오류로 인해 CLSID가 {7156F7C2-F370-422E-84A1-0A19F1AB42E5}인 구성 요소의 COM 클래스 팩터리를 검색하지 못했습니다.
[2024-03-26 오전 9:42:58] Common.DercryptionBizEnCode, BizEnCode 암호화 실패 => 원본 문자열 []
 80040154 클래스가 등록되지 않았습니다. (예외가 발생한 HRESULT: 0x80040154 (REGDB_E_CLASSNOTREG)) 오류로 인해 CLSID가 {7156F7C2-F370-422E-84A1-0A19F1AB42E5}인 구성 요소의 COM 클래스 팩터리를 검색하지 못했습니다.
[2024-03-26 오전 9:42:59] Common.DercryptionBizEnCode, BizEnCode 암호화 실패 => 원본 문자열 []
 80040154 클래스가 등록되지 않았습니다. (예외가 발생한 HRESULT: 0x80040154 (REGDB_E_CLASSNOTREG)) 오류로 인해 CLSID가 {7156F7C2-F370-422E-84A1-0A19F1AB42E5}인 구성 요소의 COM 클래스 팩터리를 검색하지 못했습니다.
[2024-03-26 오전 10:44:30] Common.DercryptionBizEnCode, BizEnCode 암호화 실패 => 원본 문자열 []
 80040154 클래스가 등록되지 않았습니다. (예외가 발생한 HRESULT: 0x80040154 (REGDB_E_CLASSNOTREG)) 오류로 인해 CLSID가 {7156F7C2-F370-422E-84A1-0A19F1AB42E5}인 구성 요소의 COM 클래스 팩터리를 검색하지 못했습니다.
[2024-03-26 오전 11:25:40] [Form_Closing]
[2024-03-26 오전 11:25:50] Common.EncryptionBizEnCode, BizEnCode 복호화 실패 => 원본 문자열 [등록 테스트]
 80040154 클래스가 등록되지 않았습니다. (예외가 발생한 HRESULT: 0x80040154 (REGDB_E_CLASSNOTREG)) 오류로 인해 CLSID가 {7156F7C2-F370-422E-84A1-0A19F1AB42E5}인 구성 요소의 COM 클래스 팩터리를 검색하지 못했습니다.
[2024-03-26 오전 11:25:50] [Form_Load]
[2024-03-26 오전 11:31:19] Common.DercryptionBizEnCode, BizEnCode 암호화 실패 => 원본 문자열 []
 80040154 클래스가 등록되지 않았습니다. (예외가 발생한 HRESULT: 0x80040154 (REGDB_E_CLASSNOTREG)) 오류로 인해 CLSID가 {7156F7C2-F370-422E-84A1-0A19F1AB42E5}인 구성 요소의 COM 클래스 팩터리를 검색하지 못했습니다.
[2024-03-26 오후 4:13:40] update PPRESCR3 set Chk2 = 'Y' where Pres_ID = '000010000000010'
[2024-03-26 오후 4:13:40] RequestQuery : System.Data.SqlClient.SqlException (0x80131904): 개체 이름 'PPRESCR3'이(가) 유효하지 않습니다.
   위치: System.Data.SqlClient.SqlConnection.OnError(SqlException exception, Boolean breakConnection, Action`1 wrapCloseInAction)
   위치: System.Data.SqlClient.SqlInternalConnection.OnError(SqlException exception, Boolean breakConnection, Action`1 wrapCloseInAction)
   위치: System.Data.SqlClient.TdsParser.ThrowExceptionAndWarning(TdsParserStateObject stateObj, Boolean callerHasConnectionLock, Boolean asyncClose)
   위치: System.Data.SqlClient.TdsParser.TryRun(RunBehavior runBehavior, SqlCommand cmdHandler, SqlDataReader dataStream, BulkCopySimpleResultSet bulkCopyHandler, TdsParserStateObject stateObj, Boolean& dataReady)
   위치: System.Data.SqlClient.SqlDataReader.TryConsumeMetaData()
   위치: System.Data.SqlClient.SqlDataReader.get_MetaData()
   위치: System.Data.SqlClient.SqlCommand.FinishExecuteReader(SqlDataReader ds, RunBehavior runBehavior, String resetOptionsString, Boolean isInternal, Boolean forDescribeParameterEncryption, Boolean shouldCacheForAlwaysEncrypted)
   위치: System.Data.SqlClient.SqlCommand.RunExecuteReaderTds(CommandBehavior cmdBehavior, RunBehavior runBehavior, Boolean returnStream, Boolean async, Int32 timeout, Task& task, Boolean asyncWrite, Boolean inRetry, SqlDataReader ds, Boolean describeParameterEncryptionRequest)
   위치: System.Data.SqlClient.SqlCommand.RunExecuteReader(CommandBehavior cmdBehavior, RunBehavior runBehavior, Boolean returnStream, String method, TaskCompletionSource`1 completion, Int32 timeout, Task& task, Boolean& usedCache, Boolean asyncWrite, Boolean inRetry)
   위치: System.Data.SqlClient.SqlCommand.RunExecuteReader(CommandBehavior cmdBehavior, RunBehavior runBehavior, Boolean returnStream, String method)
   위치: System.Data.SqlClient.SqlCommand.ExecuteReader(CommandBehavior behavior, String method)
   위치: System.Data.SqlClient.SqlCommand.ExecuteReader()
   위치: JPharm._00_DB.PharmDataDB.RequestQuery(String query) 파일 C:\Users\bitks\source\repos\Git_Projects\pharm-JPharm\JPharm\JPharm\00_DB\PharmDataDB.cs:줄 60
ClientConnectionId:32fcb1cf-40e9-4819-9296-7b766af83e54
Error Number:208,State:1,Class:16 | update PPRESCR3 set Chk2 = 'Y' where Pres_ID = '000010000000010'
[2024-03-26 오후 6:00:21] [Form_Closing]
