[2024-03-25 오후 5:08:59] Common.EncryptionBizEnCode, BizEnCode 복호화 실패 => 원본 문자열 [등록 테스트]
 80040154 클래스가 등록되지 않았습니다. (예외가 발생한 HRESULT: 0x80040154 (REGDB_E_CLASSNOTREG)) 오류로 인해 CLSID가 {7156F7C2-F370-422E-84A1-0A19F1AB42E5}인 구성 요소의 COM 클래스 팩터리를 검색하지 못했습니다.
[2024-03-25 오후 5:08:59] [Form_Load]
[2024-03-25 오후 5:09:35] Common.DercryptionBizEnCode, BizEnCode 암호화 실패 => 원본 문자열 []
 80040154 클래스가 등록되지 않았습니다. (예외가 발생한 HRESULT: 0x80040154 (REGDB_E_CLASSNOTREG)) 오류로 인해 CLSID가 {7156F7C2-F370-422E-84A1-0A19F1AB42E5}인 구성 요소의 COM 클래스 팩터리를 검색하지 못했습니다.
[2024-03-25 오후 5:10:31] update PPRESCR3 set Chk2 = 'Y' where Pres_ID = '000010000000010'
[2024-03-25 오후 5:10:31] RequestQuery : System.Data.SqlClient.SqlException (0x80131904): 개체 이름 'PPRESCR3'이(가) 유효하지 않습니다.
   위치: System.Data.SqlClient.SqlConnection.OnError(SqlException exception, Boolean breakConnection, Action`1 wrapCloseInAction)
   위치: System.Data.SqlClient.SqlInternalConnection.OnError(SqlException exception, Boolean breakConnection, Action`1 wrapCloseInAction)
   위치: System.Data.SqlClient.TdsParser.ThrowExceptionAndWarning(TdsParserStateObject stateObj, Boolean callerHasConnectionLock, Boolean asyncClose)
   위치: System.Data.SqlClient.TdsParser.TryRun(RunBehavior runBehavior, SqlCommand cmdHandler, SqlDataReader dataStream, BulkCopySimpleResultSet bulkCopyHandler, TdsParserStateObject stateObj, Boolean& dataReady)
   위치: System.Data.SqlClient.SqlDataReader.TryConsumeMetaData()
   위치: System.Data.SqlClient.SqlDataReader.get_MetaData()
   위치: System.Data.SqlClient.SqlCommand.FinishExecuteReader(SqlDataReader ds, RunBehavior runBehavior, String resetOptionsString, Boolean isInternal, Boolean forDescribeParameterEncryption, Boolean shouldCacheForAlwaysEncrypted)
   위치: System.Data.SqlClient.SqlCommand.RunExecuteReaderTds(CommandBehavior cmdBehavior, RunBehavior runBehavior, Boolean returnStream, Boolean async, Int32 timeout, Task& task, Boolean asyncWrite, Boolean inRetry, SqlDataReader ds, Boolean describeParameterEncryptionRequest)
   위치: System.Data.SqlClient.SqlCommand.RunExecuteReader(CommandBehavior cmdBehavior, RunBehavior runBehavior, Boolean returnStream, String method, TaskCompletionSource`1 completion, Int32 timeout, Task& task, Boolean& usedCache, Boolean asyncWrite, Boolean inRetry)
   위치: System.Data.SqlClient.SqlCommand.RunExecuteReader(CommandBehavior cmdBehavior, RunBehavior runBehavior, Boolean returnStream, String method)
   위치: System.Data.SqlClient.SqlCommand.ExecuteReader(CommandBehavior behavior, String method)
   위치: System.Data.SqlClient.SqlCommand.ExecuteReader()
   위치: JPharm._00_DB.PharmDataDB.RequestQuery(String query) 파일 C:\Users\bitks\source\repos\Git_Projects\pharm-JPharm\JPharm\JPharm\00_DB\PharmDataDB.cs:줄 60
ClientConnectionId:4a30d0e8-5b66-4efd-8105-92d86865dcdf
Error Number:208,State:1,Class:16 | update PPRESCR3 set Chk2 = 'Y' where Pres_ID = '000010000000010'
[2024-03-25 오후 5:10:37] update PPRESCR3 set Chk2 = 'Y' where Pres_ID = '000010000000010'
[2024-03-25 오후 5:10:37] RequestQuery : System.Data.SqlClient.SqlException (0x80131904): 개체 이름 'PPRESCR3'이(가) 유효하지 않습니다.
   위치: System.Data.SqlClient.SqlConnection.OnError(SqlException exception, Boolean breakConnection, Action`1 wrapCloseInAction)
   위치: System.Data.SqlClient.SqlInternalConnection.OnError(SqlException exception, Boolean breakConnection, Action`1 wrapCloseInAction)
   위치: System.Data.SqlClient.TdsParser.ThrowExceptionAndWarning(TdsParserStateObject stateObj, Boolean callerHasConnectionLock, Boolean asyncClose)
   위치: System.Data.SqlClient.TdsParser.TryRun(RunBehavior runBehavior, SqlCommand cmdHandler, SqlDataReader dataStream, BulkCopySimpleResultSet bulkCopyHandler, TdsParserStateObject stateObj, Boolean& dataReady)
   위치: System.Data.SqlClient.SqlDataReader.TryConsumeMetaData()
   위치: System.Data.SqlClient.SqlDataReader.get_MetaData()
   위치: System.Data.SqlClient.SqlCommand.FinishExecuteReader(SqlDataReader ds, RunBehavior runBehavior, String resetOptionsString, Boolean isInternal, Boolean forDescribeParameterEncryption, Boolean shouldCacheForAlwaysEncrypted)
   위치: System.Data.SqlClient.SqlCommand.RunExecuteReaderTds(CommandBehavior cmdBehavior, RunBehavior runBehavior, Boolean returnStream, Boolean async, Int32 timeout, Task& task, Boolean asyncWrite, Boolean inRetry, SqlDataReader ds, Boolean describeParameterEncryptionRequest)
   위치: System.Data.SqlClient.SqlCommand.RunExecuteReader(CommandBehavior cmdBehavior, RunBehavior runBehavior, Boolean returnStream, String method, TaskCompletionSource`1 completion, Int32 timeout, Task& task, Boolean& usedCache, Boolean asyncWrite, Boolean inRetry)
   위치: System.Data.SqlClient.SqlCommand.RunExecuteReader(CommandBehavior cmdBehavior, RunBehavior runBehavior, Boolean returnStream, String method)
   위치: System.Data.SqlClient.SqlCommand.ExecuteReader(CommandBehavior behavior, String method)
   위치: System.Data.SqlClient.SqlCommand.ExecuteReader()
   위치: JPharm._00_DB.PharmDataDB.RequestQuery(String query) 파일 C:\Users\bitks\source\repos\Git_Projects\pharm-JPharm\JPharm\JPharm\00_DB\PharmDataDB.cs:줄 60
ClientConnectionId:4a30d0e8-5b66-4efd-8105-92d86865dcdf
Error Number:208,State:1,Class:16 | update PPRESCR3 set Chk2 = 'Y' where Pres_ID = '000010000000010'
[2024-03-25 오후 5:16:50] update PPRESCR3 set Chk2 = 'Y' where Pres_ID = '000010000000010'
[2024-03-25 오후 5:16:50] RequestQuery : System.Data.SqlClient.SqlException (0x80131904): 개체 이름 'PPRESCR3'이(가) 유효하지 않습니다.
   위치: System.Data.SqlClient.SqlConnection.OnError(SqlException exception, Boolean breakConnection, Action`1 wrapCloseInAction)
   위치: System.Data.SqlClient.SqlInternalConnection.OnError(SqlException exception, Boolean breakConnection, Action`1 wrapCloseInAction)
   위치: System.Data.SqlClient.TdsParser.ThrowExceptionAndWarning(TdsParserStateObject stateObj, Boolean callerHasConnectionLock, Boolean asyncClose)
   위치: System.Data.SqlClient.TdsParser.TryRun(RunBehavior runBehavior, SqlCommand cmdHandler, SqlDataReader dataStream, BulkCopySimpleResultSet bulkCopyHandler, TdsParserStateObject stateObj, Boolean& dataReady)
   위치: System.Data.SqlClient.SqlDataReader.TryConsumeMetaData()
   위치: System.Data.SqlClient.SqlDataReader.get_MetaData()
   위치: System.Data.SqlClient.SqlCommand.FinishExecuteReader(SqlDataReader ds, RunBehavior runBehavior, String resetOptionsString, Boolean isInternal, Boolean forDescribeParameterEncryption, Boolean shouldCacheForAlwaysEncrypted)
   위치: System.Data.SqlClient.SqlCommand.RunExecuteReaderTds(CommandBehavior cmdBehavior, RunBehavior runBehavior, Boolean returnStream, Boolean async, Int32 timeout, Task& task, Boolean asyncWrite, Boolean inRetry, SqlDataReader ds, Boolean describeParameterEncryptionRequest)
   위치: System.Data.SqlClient.SqlCommand.RunExecuteReader(CommandBehavior cmdBehavior, RunBehavior runBehavior, Boolean returnStream, String method, TaskCompletionSource`1 completion, Int32 timeout, Task& task, Boolean& usedCache, Boolean asyncWrite, Boolean inRetry)
   위치: System.Data.SqlClient.SqlCommand.RunExecuteReader(CommandBehavior cmdBehavior, RunBehavior runBehavior, Boolean returnStream, String method)
   위치: System.Data.SqlClient.SqlCommand.ExecuteReader(CommandBehavior behavior, String method)
   위치: System.Data.SqlClient.SqlCommand.ExecuteReader()
   위치: JPharm._00_DB.PharmDataDB.RequestQuery(String query) 파일 C:\Users\bitks\source\repos\Git_Projects\pharm-JPharm\JPharm\JPharm\00_DB\PharmDataDB.cs:줄 60
ClientConnectionId:d5ad21fe-3809-4a6e-bc0b-4031fbc9f5d5
Error Number:208,State:1,Class:16 | update PPRESCR3 set Chk2 = 'Y' where Pres_ID = '000010000000010'
[2024-03-25 오후 5:16:51] update PPRESCR3 set Chk2 = 'Y' where Pres_ID = '000010000000010'
[2024-03-25 오후 5:16:51] RequestQuery : System.Data.SqlClient.SqlException (0x80131904): 개체 이름 'PPRESCR3'이(가) 유효하지 않습니다.
   위치: System.Data.SqlClient.SqlConnection.OnError(SqlException exception, Boolean breakConnection, Action`1 wrapCloseInAction)
   위치: System.Data.SqlClient.SqlInternalConnection.OnError(SqlException exception, Boolean breakConnection, Action`1 wrapCloseInAction)
   위치: System.Data.SqlClient.TdsParser.ThrowExceptionAndWarning(TdsParserStateObject stateObj, Boolean callerHasConnectionLock, Boolean asyncClose)
   위치: System.Data.SqlClient.TdsParser.TryRun(RunBehavior runBehavior, SqlCommand cmdHandler, SqlDataReader dataStream, BulkCopySimpleResultSet bulkCopyHandler, TdsParserStateObject stateObj, Boolean& dataReady)
   위치: System.Data.SqlClient.SqlDataReader.TryConsumeMetaData()
   위치: System.Data.SqlClient.SqlDataReader.get_MetaData()
   위치: System.Data.SqlClient.SqlCommand.FinishExecuteReader(SqlDataReader ds, RunBehavior runBehavior, String resetOptionsString, Boolean isInternal, Boolean forDescribeParameterEncryption, Boolean shouldCacheForAlwaysEncrypted)
   위치: System.Data.SqlClient.SqlCommand.RunExecuteReaderTds(CommandBehavior cmdBehavior, RunBehavior runBehavior, Boolean returnStream, Boolean async, Int32 timeout, Task& task, Boolean asyncWrite, Boolean inRetry, SqlDataReader ds, Boolean describeParameterEncryptionRequest)
   위치: System.Data.SqlClient.SqlCommand.RunExecuteReader(CommandBehavior cmdBehavior, RunBehavior runBehavior, Boolean returnStream, String method, TaskCompletionSource`1 completion, Int32 timeout, Task& task, Boolean& usedCache, Boolean asyncWrite, Boolean inRetry)
   위치: System.Data.SqlClient.SqlCommand.RunExecuteReader(CommandBehavior cmdBehavior, RunBehavior runBehavior, Boolean returnStream, String method)
   위치: System.Data.SqlClient.SqlCommand.ExecuteReader(CommandBehavior behavior, String method)
   위치: System.Data.SqlClient.SqlCommand.ExecuteReader()
   위치: JPharm._00_DB.PharmDataDB.RequestQuery(String query) 파일 C:\Users\bitks\source\repos\Git_Projects\pharm-JPharm\JPharm\JPharm\00_DB\PharmDataDB.cs:줄 60
ClientConnectionId:d5ad21fe-3809-4a6e-bc0b-4031fbc9f5d5
Error Number:208,State:1,Class:16 | update PPRESCR3 set Chk2 = 'Y' where Pres_ID = '000010000000010'
[2024-03-25 오후 5:19:59] update PPRESCR3 set Chk2 = 'Y' where Pres_ID = '000010000000010'
[2024-03-25 오후 5:19:59] RequestQuery : System.Data.SqlClient.SqlException (0x80131904): 개체 이름 'PPRESCR3'이(가) 유효하지 않습니다.
   위치: System.Data.SqlClient.SqlConnection.OnError(SqlException exception, Boolean breakConnection, Action`1 wrapCloseInAction)
   위치: System.Data.SqlClient.SqlInternalConnection.OnError(SqlException exception, Boolean breakConnection, Action`1 wrapCloseInAction)
   위치: System.Data.SqlClient.TdsParser.ThrowExceptionAndWarning(TdsParserStateObject stateObj, Boolean callerHasConnectionLock, Boolean asyncClose)
   위치: System.Data.SqlClient.TdsParser.TryRun(RunBehavior runBehavior, SqlCommand cmdHandler, SqlDataReader dataStream, BulkCopySimpleResultSet bulkCopyHandler, TdsParserStateObject stateObj, Boolean& dataReady)
   위치: System.Data.SqlClient.SqlDataReader.TryConsumeMetaData()
   위치: System.Data.SqlClient.SqlDataReader.get_MetaData()
   위치: System.Data.SqlClient.SqlCommand.FinishExecuteReader(SqlDataReader ds, RunBehavior runBehavior, String resetOptionsString, Boolean isInternal, Boolean forDescribeParameterEncryption, Boolean shouldCacheForAlwaysEncrypted)
   위치: System.Data.SqlClient.SqlCommand.RunExecuteReaderTds(CommandBehavior cmdBehavior, RunBehavior runBehavior, Boolean returnStream, Boolean async, Int32 timeout, Task& task, Boolean asyncWrite, Boolean inRetry, SqlDataReader ds, Boolean describeParameterEncryptionRequest)
   위치: System.Data.SqlClient.SqlCommand.RunExecuteReader(CommandBehavior cmdBehavior, RunBehavior runBehavior, Boolean returnStream, String method, TaskCompletionSource`1 completion, Int32 timeout, Task& task, Boolean& usedCache, Boolean asyncWrite, Boolean inRetry)
   위치: System.Data.SqlClient.SqlCommand.RunExecuteReader(CommandBehavior cmdBehavior, RunBehavior runBehavior, Boolean returnStream, String method)
   위치: System.Data.SqlClient.SqlCommand.ExecuteReader(CommandBehavior behavior, String method)
   위치: System.Data.SqlClient.SqlCommand.ExecuteReader()
   위치: JPharm._00_DB.PharmDataDB.RequestQuery(String query) 파일 C:\Users\bitks\source\repos\Git_Projects\pharm-JPharm\JPharm\JPharm\00_DB\PharmDataDB.cs:줄 60
ClientConnectionId:d5ad21fe-3809-4a6e-bc0b-4031fbc9f5d5
Error Number:208,State:1,Class:16 | update PPRESCR3 set Chk2 = 'Y' where Pres_ID = '000010000000010'
[2024-03-25 오후 5:22:38] update PPRESCR3 set Chk2 = 'Y' where Pres_ID = '000010000000010'
[2024-03-25 오후 5:22:38] RequestQuery : System.Data.SqlClient.SqlException (0x80131904): 개체 이름 'PPRESCR3'이(가) 유효하지 않습니다.
   위치: System.Data.SqlClient.SqlConnection.OnError(SqlException exception, Boolean breakConnection, Action`1 wrapCloseInAction)
   위치: System.Data.SqlClient.SqlInternalConnection.OnError(SqlException exception, Boolean breakConnection, Action`1 wrapCloseInAction)
   위치: System.Data.SqlClient.TdsParser.ThrowExceptionAndWarning(TdsParserStateObject stateObj, Boolean callerHasConnectionLock, Boolean asyncClose)
   위치: System.Data.SqlClient.TdsParser.TryRun(RunBehavior runBehavior, SqlCommand cmdHandler, SqlDataReader dataStream, BulkCopySimpleResultSet bulkCopyHandler, TdsParserStateObject stateObj, Boolean& dataReady)
   위치: System.Data.SqlClient.SqlDataReader.TryConsumeMetaData()
   위치: System.Data.SqlClient.SqlDataReader.get_MetaData()
   위치: System.Data.SqlClient.SqlCommand.FinishExecuteReader(SqlDataReader ds, RunBehavior runBehavior, String resetOptionsString, Boolean isInternal, Boolean forDescribeParameterEncryption, Boolean shouldCacheForAlwaysEncrypted)
   위치: System.Data.SqlClient.SqlCommand.RunExecuteReaderTds(CommandBehavior cmdBehavior, RunBehavior runBehavior, Boolean returnStream, Boolean async, Int32 timeout, Task& task, Boolean asyncWrite, Boolean inRetry, SqlDataReader ds, Boolean describeParameterEncryptionRequest)
   위치: System.Data.SqlClient.SqlCommand.RunExecuteReader(CommandBehavior cmdBehavior, RunBehavior runBehavior, Boolean returnStream, String method, TaskCompletionSource`1 completion, Int32 timeout, Task& task, Boolean& usedCache, Boolean asyncWrite, Boolean inRetry)
   위치: System.Data.SqlClient.SqlCommand.RunExecuteReader(CommandBehavior cmdBehavior, RunBehavior runBehavior, Boolean returnStream, String method)
   위치: System.Data.SqlClient.SqlCommand.ExecuteReader(CommandBehavior behavior, String method)
   위치: System.Data.SqlClient.SqlCommand.ExecuteReader()
   위치: JPharm._00_DB.PharmDataDB.RequestQuery(String query) 파일 C:\Users\bitks\source\repos\Git_Projects\pharm-JPharm\JPharm\JPharm\00_DB\PharmDataDB.cs:줄 60
ClientConnectionId:d5ad21fe-3809-4a6e-bc0b-4031fbc9f5d5
Error Number:208,State:1,Class:16 | update PPRESCR3 set Chk2 = 'Y' where Pres_ID = '000010000000010'
[2024-03-25 오후 5:27:34] System.UnauthorizedAccessException: 'C:\Windows\system32\BizEnCode.dll' 경로에 대한 액세스가 거부되었습니다.
   위치: System.IO.__Error.WinIOError(Int32 errorCode, String maybeFullPath)
   위치: System.IO.File.InternalCopy(String sourceFileName, String destFileName, Boolean overwrite, Boolean checkHost)
   위치: System.IO.File.Copy(String sourceFileName, String destFileName, Boolean overwrite)
   위치: JPharm._02_Core.RegisterManager.Register_BizEnCode() 파일 C:\Users\bitks\source\repos\Git_Projects\pharm-JPharm\JPharm\JPharm\02_Core\RegisterManager.cs:줄 46
[2024-03-25 오후 5:32:00] Common.DercryptionBizEnCode, BizEnCode 암호화 실패 => 원본 문자열 []
 80040154 클래스가 등록되지 않았습니다. (예외가 발생한 HRESULT: 0x80040154 (REGDB_E_CLASSNOTREG)) 오류로 인해 CLSID가 {7156F7C2-F370-422E-84A1-0A19F1AB42E5}인 구성 요소의 COM 클래스 팩터리를 검색하지 못했습니다.
[2024-03-25 오후 5:34:09] [Form_Closing]
[2024-03-25 오후 5:44:56] Common.EncryptionBizEnCode, BizEnCode 복호화 실패 => 원본 문자열 [등록 테스트]
 80040154 클래스가 등록되지 않았습니다. (예외가 발생한 HRESULT: 0x80040154 (REGDB_E_CLASSNOTREG)) 오류로 인해 CLSID가 {7156F7C2-F370-422E-84A1-0A19F1AB42E5}인 구성 요소의 COM 클래스 팩터리를 검색하지 못했습니다.
[2024-03-25 오후 5:44:56] [Form_Load]
[2024-03-25 오후 5:45:01] Common.DercryptionBizEnCode, BizEnCode 암호화 실패 => 원본 문자열 []
 80040154 클래스가 등록되지 않았습니다. (예외가 발생한 HRESULT: 0x80040154 (REGDB_E_CLASSNOTREG)) 오류로 인해 CLSID가 {7156F7C2-F370-422E-84A1-0A19F1AB42E5}인 구성 요소의 COM 클래스 팩터리를 검색하지 못했습니다.
[2024-03-25 오후 5:51:27] [Form_Closing]
