[2024-03-28 오전 8:49:23] Common.EncryptionBizEnCode, BizEnCode 복호화 실패 => 원본 문자열 [등록 테스트]
 80040154 클래스가 등록되지 않았습니다. (예외가 발생한 HRESULT: 0x80040154 (REGDB_E_CLASSNOTREG)) 오류로 인해 CLSID가 {7156F7C2-F370-422E-84A1-0A19F1AB42E5}인 구성 요소의 COM 클래스 팩터리를 검색하지 못했습니다.
[2024-03-28 오전 8:49:23] [Form_Load]
[2024-03-28 오전 8:49:28] Common.DercryptionBizEnCode, BizEnCode 암호화 실패 => 원본 문자열 []
 80040154 클래스가 등록되지 않았습니다. (예외가 발생한 HRESULT: 0x80040154 (REGDB_E_CLASSNOTREG)) 오류로 인해 CLSID가 {7156F7C2-F370-422E-84A1-0A19F1AB42E5}인 구성 요소의 COM 클래스 팩터리를 검색하지 못했습니다.
[2024-03-28 오전 10:47:36] Common.DercryptionBizEnCode, BizEnCode 암호화 실패 => 원본 문자열 []
 80040154 클래스가 등록되지 않았습니다. (예외가 발생한 HRESULT: 0x80040154 (REGDB_E_CLASSNOTREG)) 오류로 인해 CLSID가 {7156F7C2-F370-422E-84A1-0A19F1AB42E5}인 구성 요소의 COM 클래스 팩터리를 검색하지 못했습니다.
[2024-03-28 오전 10:47:36] Common.DercryptionBizEnCode, BizEnCode 암호화 실패 => 원본 문자열 []
 80040154 클래스가 등록되지 않았습니다. (예외가 발생한 HRESULT: 0x80040154 (REGDB_E_CLASSNOTREG)) 오류로 인해 CLSID가 {7156F7C2-F370-422E-84A1-0A19F1AB42E5}인 구성 요소의 COM 클래스 팩터리를 검색하지 못했습니다.
[2024-03-28 오전 10:47:40] Common.DercryptionBizEnCode, BizEnCode 암호화 실패 => 원본 문자열 []
 80040154 클래스가 등록되지 않았습니다. (예외가 발생한 HRESULT: 0x80040154 (REGDB_E_CLASSNOTREG)) 오류로 인해 CLSID가 {7156F7C2-F370-422E-84A1-0A19F1AB42E5}인 구성 요소의 COM 클래스 팩터리를 검색하지 못했습니다.
[2024-03-28 오전 10:47:40] Common.DercryptionBizEnCode, BizEnCode 암호화 실패 => 원본 문자열 []
 80040154 클래스가 등록되지 않았습니다. (예외가 발생한 HRESULT: 0x80040154 (REGDB_E_CLASSNOTREG)) 오류로 인해 CLSID가 {7156F7C2-F370-422E-84A1-0A19F1AB42E5}인 구성 요소의 COM 클래스 팩터리를 검색하지 못했습니다.
[2024-03-28 오전 11:09:16] update PPRESCR3 set Chk2 = 'Y' where Pres_ID = '000010000000011'
[2024-03-28 오전 11:09:16] RequestQuery : System.Data.SqlClient.SqlException (0x80131904): 개체 이름 'PPRESCR3'이(가) 유효하지 않습니다.
   위치: System.Data.SqlClient.SqlConnection.OnError(SqlException exception, Boolean breakConnection, Action`1 wrapCloseInAction)
   위치: System.Data.SqlClient.SqlInternalConnection.OnError(SqlException exception, Boolean breakConnection, Action`1 wrapCloseInAction)
   위치: System.Data.SqlClient.TdsParser.ThrowExceptionAndWarning(TdsParserStateObject stateObj, Boolean callerHasConnectionLock, Boolean asyncClose)
   위치: System.Data.SqlClient.TdsParser.TryRun(RunBehavior runBehavior, SqlCommand cmdHandler, SqlDataReader dataStream, BulkCopySimpleResultSet bulkCopyHandler, TdsParserStateObject stateObj, Boolean& dataReady)
   위치: System.Data.SqlClient.SqlDataReader.TryConsumeMetaData()
   위치: System.Data.SqlClient.SqlDataReader.get_MetaData()
   위치: System.Data.SqlClient.SqlCommand.FinishExecuteReader(SqlDataReader ds, RunBehavior runBehavior, String resetOptionsString, Boolean isInternal, Boolean forDescribeParameterEncryption, Boolean shouldCacheForAlwaysEncrypted)
   위치: System.Data.SqlClient.SqlCommand.RunExecuteReaderTds(CommandBehavior cmdBehavior, RunBehavior runBehavior, Boolean returnStream, Boolean async, Int32 timeout, Task& task, Boolean asyncWrite, Boolean inRetry, SqlDataReader ds, Boolean describeParameterEncryptionRequest)
   위치: System.Data.SqlClient.SqlCommand.RunExecuteReader(CommandBehavior cmdBehavior, RunBehavior runBehavior, Boolean returnStream, String method, TaskCompletionSource`1 completion, Int32 timeout, Task& task, Boolean& usedCache, Boolean asyncWrite, Boolean inRetry)
   위치: System.Data.SqlClient.SqlCommand.RunExecuteReader(CommandBehavior cmdBehavior, RunBehavior runBehavior, Boolean returnStream, String method)
   위치: System.Data.SqlClient.SqlCommand.ExecuteReader(CommandBehavior behavior, String method)
   위치: System.Data.SqlClient.SqlCommand.ExecuteReader()
   위치: JPharm._00_DB.PharmDataDB.RequestQuery(String query) 파일 C:\Users\bitks\source\repos\Git_Projects\pharm-JPharm\JPharm\JPharm\00_DB\PharmDataDB.cs:줄 60
ClientConnectionId:a55f0d3f-e3fb-467d-ba91-58014f558d5d
Error Number:208,State:1,Class:16 | update PPRESCR3 set Chk2 = 'Y' where Pres_ID = '000010000000011'
[2024-03-28 오전 11:09:36] update PPRESCR3 set Chk2 = 'Y' where Pres_ID = '000010000000011'
[2024-03-28 오전 11:09:36] RequestQuery : System.Data.SqlClient.SqlException (0x80131904): 개체 이름 'PPRESCR3'이(가) 유효하지 않습니다.
   위치: System.Data.SqlClient.SqlConnection.OnError(SqlException exception, Boolean breakConnection, Action`1 wrapCloseInAction)
   위치: System.Data.SqlClient.SqlInternalConnection.OnError(SqlException exception, Boolean breakConnection, Action`1 wrapCloseInAction)
   위치: System.Data.SqlClient.TdsParser.ThrowExceptionAndWarning(TdsParserStateObject stateObj, Boolean callerHasConnectionLock, Boolean asyncClose)
   위치: System.Data.SqlClient.TdsParser.TryRun(RunBehavior runBehavior, SqlCommand cmdHandler, SqlDataReader dataStream, BulkCopySimpleResultSet bulkCopyHandler, TdsParserStateObject stateObj, Boolean& dataReady)
   위치: System.Data.SqlClient.SqlDataReader.TryConsumeMetaData()
   위치: System.Data.SqlClient.SqlDataReader.get_MetaData()
   위치: System.Data.SqlClient.SqlCommand.FinishExecuteReader(SqlDataReader ds, RunBehavior runBehavior, String resetOptionsString, Boolean isInternal, Boolean forDescribeParameterEncryption, Boolean shouldCacheForAlwaysEncrypted)
   위치: System.Data.SqlClient.SqlCommand.RunExecuteReaderTds(CommandBehavior cmdBehavior, RunBehavior runBehavior, Boolean returnStream, Boolean async, Int32 timeout, Task& task, Boolean asyncWrite, Boolean inRetry, SqlDataReader ds, Boolean describeParameterEncryptionRequest)
   위치: System.Data.SqlClient.SqlCommand.RunExecuteReader(CommandBehavior cmdBehavior, RunBehavior runBehavior, Boolean returnStream, String method, TaskCompletionSource`1 completion, Int32 timeout, Task& task, Boolean& usedCache, Boolean asyncWrite, Boolean inRetry)
   위치: System.Data.SqlClient.SqlCommand.RunExecuteReader(CommandBehavior cmdBehavior, RunBehavior runBehavior, Boolean returnStream, String method)
   위치: System.Data.SqlClient.SqlCommand.ExecuteReader(CommandBehavior behavior, String method)
   위치: System.Data.SqlClient.SqlCommand.ExecuteReader()
   위치: JPharm._00_DB.PharmDataDB.RequestQuery(String query) 파일 C:\Users\bitks\source\repos\Git_Projects\pharm-JPharm\JPharm\JPharm\00_DB\PharmDataDB.cs:줄 60
ClientConnectionId:a55f0d3f-e3fb-467d-ba91-58014f558d5d
Error Number:208,State:1,Class:16 | update PPRESCR3 set Chk2 = 'Y' where Pres_ID = '000010000000011'
[2024-03-28 오전 11:22:05] update PPRESCR3 set Chk2 = 'Y' where Pres_ID = '000010000000011'
[2024-03-28 오전 11:22:05] RequestQuery : System.Data.SqlClient.SqlException (0x80131904): 개체 이름 'PPRESCR3'이(가) 유효하지 않습니다.
   위치: System.Data.SqlClient.SqlConnection.OnError(SqlException exception, Boolean breakConnection, Action`1 wrapCloseInAction)
   위치: System.Data.SqlClient.SqlInternalConnection.OnError(SqlException exception, Boolean breakConnection, Action`1 wrapCloseInAction)
   위치: System.Data.SqlClient.TdsParser.ThrowExceptionAndWarning(TdsParserStateObject stateObj, Boolean callerHasConnectionLock, Boolean asyncClose)
   위치: System.Data.SqlClient.TdsParser.TryRun(RunBehavior runBehavior, SqlCommand cmdHandler, SqlDataReader dataStream, BulkCopySimpleResultSet bulkCopyHandler, TdsParserStateObject stateObj, Boolean& dataReady)
   위치: System.Data.SqlClient.SqlDataReader.TryConsumeMetaData()
   위치: System.Data.SqlClient.SqlDataReader.get_MetaData()
   위치: System.Data.SqlClient.SqlCommand.FinishExecuteReader(SqlDataReader ds, RunBehavior runBehavior, String resetOptionsString, Boolean isInternal, Boolean forDescribeParameterEncryption, Boolean shouldCacheForAlwaysEncrypted)
   위치: System.Data.SqlClient.SqlCommand.RunExecuteReaderTds(CommandBehavior cmdBehavior, RunBehavior runBehavior, Boolean returnStream, Boolean async, Int32 timeout, Task& task, Boolean asyncWrite, Boolean inRetry, SqlDataReader ds, Boolean describeParameterEncryptionRequest)
   위치: System.Data.SqlClient.SqlCommand.RunExecuteReader(CommandBehavior cmdBehavior, RunBehavior runBehavior, Boolean returnStream, String method, TaskCompletionSource`1 completion, Int32 timeout, Task& task, Boolean& usedCache, Boolean asyncWrite, Boolean inRetry)
   위치: System.Data.SqlClient.SqlCommand.RunExecuteReader(CommandBehavior cmdBehavior, RunBehavior runBehavior, Boolean returnStream, String method)
   위치: System.Data.SqlClient.SqlCommand.ExecuteReader(CommandBehavior behavior, String method)
   위치: System.Data.SqlClient.SqlCommand.ExecuteReader()
   위치: JPharm._00_DB.PharmDataDB.RequestQuery(String query) 파일 C:\Users\bitks\source\repos\Git_Projects\pharm-JPharm\JPharm\JPharm\00_DB\PharmDataDB.cs:줄 60
ClientConnectionId:027b8f43-802c-4065-9c0a-effc06693d97
Error Number:208,State:1,Class:16 | update PPRESCR3 set Chk2 = 'Y' where Pres_ID = '000010000000011'
[2024-03-28 오전 11:22:38] update PPRESCR3 set Chk2 = 'Y' where Pres_ID = '000010000000010'
[2024-03-28 오전 11:22:38] RequestQuery : System.Data.SqlClient.SqlException (0x80131904): 개체 이름 'PPRESCR3'이(가) 유효하지 않습니다.
   위치: System.Data.SqlClient.SqlConnection.OnError(SqlException exception, Boolean breakConnection, Action`1 wrapCloseInAction)
   위치: System.Data.SqlClient.SqlInternalConnection.OnError(SqlException exception, Boolean breakConnection, Action`1 wrapCloseInAction)
   위치: System.Data.SqlClient.TdsParser.ThrowExceptionAndWarning(TdsParserStateObject stateObj, Boolean callerHasConnectionLock, Boolean asyncClose)
   위치: System.Data.SqlClient.TdsParser.TryRun(RunBehavior runBehavior, SqlCommand cmdHandler, SqlDataReader dataStream, BulkCopySimpleResultSet bulkCopyHandler, TdsParserStateObject stateObj, Boolean& dataReady)
   위치: System.Data.SqlClient.SqlDataReader.TryConsumeMetaData()
   위치: System.Data.SqlClient.SqlDataReader.get_MetaData()
   위치: System.Data.SqlClient.SqlCommand.FinishExecuteReader(SqlDataReader ds, RunBehavior runBehavior, String resetOptionsString, Boolean isInternal, Boolean forDescribeParameterEncryption, Boolean shouldCacheForAlwaysEncrypted)
   위치: System.Data.SqlClient.SqlCommand.RunExecuteReaderTds(CommandBehavior cmdBehavior, RunBehavior runBehavior, Boolean returnStream, Boolean async, Int32 timeout, Task& task, Boolean asyncWrite, Boolean inRetry, SqlDataReader ds, Boolean describeParameterEncryptionRequest)
   위치: System.Data.SqlClient.SqlCommand.RunExecuteReader(CommandBehavior cmdBehavior, RunBehavior runBehavior, Boolean returnStream, String method, TaskCompletionSource`1 completion, Int32 timeout, Task& task, Boolean& usedCache, Boolean asyncWrite, Boolean inRetry)
   위치: System.Data.SqlClient.SqlCommand.RunExecuteReader(CommandBehavior cmdBehavior, RunBehavior runBehavior, Boolean returnStream, String method)
   위치: System.Data.SqlClient.SqlCommand.ExecuteReader(CommandBehavior behavior, String method)
   위치: System.Data.SqlClient.SqlCommand.ExecuteReader()
   위치: JPharm._00_DB.PharmDataDB.RequestQuery(String query) 파일 C:\Users\bitks\source\repos\Git_Projects\pharm-JPharm\JPharm\JPharm\00_DB\PharmDataDB.cs:줄 60
ClientConnectionId:027b8f43-802c-4065-9c0a-effc06693d97
Error Number:208,State:1,Class:16 | update PPRESCR3 set Chk2 = 'Y' where Pres_ID = '000010000000010'
[2024-03-28 오전 11:22:52] update PPRESCR3 set Chk2 = 'Y' where Pres_ID = '000010000000010'
[2024-03-28 오전 11:22:52] RequestQuery : System.Data.SqlClient.SqlException (0x80131904): 개체 이름 'PPRESCR3'이(가) 유효하지 않습니다.
   위치: System.Data.SqlClient.SqlConnection.OnError(SqlException exception, Boolean breakConnection, Action`1 wrapCloseInAction)
   위치: System.Data.SqlClient.SqlInternalConnection.OnError(SqlException exception, Boolean breakConnection, Action`1 wrapCloseInAction)
   위치: System.Data.SqlClient.TdsParser.ThrowExceptionAndWarning(TdsParserStateObject stateObj, Boolean callerHasConnectionLock, Boolean asyncClose)
   위치: System.Data.SqlClient.TdsParser.TryRun(RunBehavior runBehavior, SqlCommand cmdHandler, SqlDataReader dataStream, BulkCopySimpleResultSet bulkCopyHandler, TdsParserStateObject stateObj, Boolean& dataReady)
   위치: System.Data.SqlClient.SqlDataReader.TryConsumeMetaData()
   위치: System.Data.SqlClient.SqlDataReader.get_MetaData()
   위치: System.Data.SqlClient.SqlCommand.FinishExecuteReader(SqlDataReader ds, RunBehavior runBehavior, String resetOptionsString, Boolean isInternal, Boolean forDescribeParameterEncryption, Boolean shouldCacheForAlwaysEncrypted)
   위치: System.Data.SqlClient.SqlCommand.RunExecuteReaderTds(CommandBehavior cmdBehavior, RunBehavior runBehavior, Boolean returnStream, Boolean async, Int32 timeout, Task& task, Boolean asyncWrite, Boolean inRetry, SqlDataReader ds, Boolean describeParameterEncryptionRequest)
   위치: System.Data.SqlClient.SqlCommand.RunExecuteReader(CommandBehavior cmdBehavior, RunBehavior runBehavior, Boolean returnStream, String method, TaskCompletionSource`1 completion, Int32 timeout, Task& task, Boolean& usedCache, Boolean asyncWrite, Boolean inRetry)
   위치: System.Data.SqlClient.SqlCommand.RunExecuteReader(CommandBehavior cmdBehavior, RunBehavior runBehavior, Boolean returnStream, String method)
   위치: System.Data.SqlClient.SqlCommand.ExecuteReader(CommandBehavior behavior, String method)
   위치: System.Data.SqlClient.SqlCommand.ExecuteReader()
   위치: JPharm._00_DB.PharmDataDB.RequestQuery(String query) 파일 C:\Users\bitks\source\repos\Git_Projects\pharm-JPharm\JPharm\JPharm\00_DB\PharmDataDB.cs:줄 60
ClientConnectionId:027b8f43-802c-4065-9c0a-effc06693d97
Error Number:208,State:1,Class:16 | update PPRESCR3 set Chk2 = 'Y' where Pres_ID = '000010000000010'
[2024-03-28 오전 11:27:02] RequestQuery : System.Data.SqlClient.SqlException (0x80131904): 열 이름 'Times'이(가) 유효하지 않습니다.
   위치: System.Data.SqlClient.SqlConnection.OnError(SqlException exception, Boolean breakConnection, Action`1 wrapCloseInAction)
   위치: System.Data.SqlClient.SqlInternalConnection.OnError(SqlException exception, Boolean breakConnection, Action`1 wrapCloseInAction)
   위치: System.Data.SqlClient.TdsParser.ThrowExceptionAndWarning(TdsParserStateObject stateObj, Boolean callerHasConnectionLock, Boolean asyncClose)
   위치: System.Data.SqlClient.TdsParser.TryRun(RunBehavior runBehavior, SqlCommand cmdHandler, SqlDataReader dataStream, BulkCopySimpleResultSet bulkCopyHandler, TdsParserStateObject stateObj, Boolean& dataReady)
   위치: System.Data.SqlClient.SqlDataReader.TryConsumeMetaData()
   위치: System.Data.SqlClient.SqlDataReader.get_MetaData()
   위치: System.Data.SqlClient.SqlCommand.FinishExecuteReader(SqlDataReader ds, RunBehavior runBehavior, String resetOptionsString, Boolean isInternal, Boolean forDescribeParameterEncryption, Boolean shouldCacheForAlwaysEncrypted)
   위치: System.Data.SqlClient.SqlCommand.RunExecuteReaderTds(CommandBehavior cmdBehavior, RunBehavior runBehavior, Boolean returnStream, Boolean async, Int32 timeout, Task& task, Boolean asyncWrite, Boolean inRetry, SqlDataReader ds, Boolean describeParameterEncryptionRequest)
   위치: System.Data.SqlClient.SqlCommand.RunExecuteReader(CommandBehavior cmdBehavior, RunBehavior runBehavior, Boolean returnStream, String method, TaskCompletionSource`1 completion, Int32 timeout, Task& task, Boolean& usedCache, Boolean asyncWrite, Boolean inRetry)
   위치: System.Data.SqlClient.SqlCommand.RunExecuteReader(CommandBehavior cmdBehavior, RunBehavior runBehavior, Boolean returnStream, String method)
   위치: System.Data.SqlClient.SqlCommand.ExecuteReader(CommandBehavior behavior, String method)
   위치: System.Data.SqlClient.SqlCommand.ExecuteReader()
   위치: JPharm._00_DB.PharmSubDB.RequestQuery(String query) 파일 C:\Users\bitks\source\repos\Git_Projects\pharm-JPharm\JPharm\JPharm\00_DB\PharmSubDB.cs:줄 57
ClientConnectionId:d9915c6b-b1f7-4914-8651-686d7fccbe9f
Error Number:207,State:1,Class:16 | select Code, DrugUsage1, DrugUsage2, Times from DrugUsage
[2024-03-28 오전 11:27:19] update PPRESCR3 set Chk2 = 'Y' where Pres_ID = '000010000000010'
[2024-03-28 오전 11:27:19] RequestQuery : System.Data.SqlClient.SqlException (0x80131904): 개체 이름 'PPRESCR3'이(가) 유효하지 않습니다.
   위치: System.Data.SqlClient.SqlConnection.OnError(SqlException exception, Boolean breakConnection, Action`1 wrapCloseInAction)
   위치: System.Data.SqlClient.SqlInternalConnection.OnError(SqlException exception, Boolean breakConnection, Action`1 wrapCloseInAction)
   위치: System.Data.SqlClient.TdsParser.ThrowExceptionAndWarning(TdsParserStateObject stateObj, Boolean callerHasConnectionLock, Boolean asyncClose)
   위치: System.Data.SqlClient.TdsParser.TryRun(RunBehavior runBehavior, SqlCommand cmdHandler, SqlDataReader dataStream, BulkCopySimpleResultSet bulkCopyHandler, TdsParserStateObject stateObj, Boolean& dataReady)
   위치: System.Data.SqlClient.SqlDataReader.TryConsumeMetaData()
   위치: System.Data.SqlClient.SqlDataReader.get_MetaData()
   위치: System.Data.SqlClient.SqlCommand.FinishExecuteReader(SqlDataReader ds, RunBehavior runBehavior, String resetOptionsString, Boolean isInternal, Boolean forDescribeParameterEncryption, Boolean shouldCacheForAlwaysEncrypted)
   위치: System.Data.SqlClient.SqlCommand.RunExecuteReaderTds(CommandBehavior cmdBehavior, RunBehavior runBehavior, Boolean returnStream, Boolean async, Int32 timeout, Task& task, Boolean asyncWrite, Boolean inRetry, SqlDataReader ds, Boolean describeParameterEncryptionRequest)
   위치: System.Data.SqlClient.SqlCommand.RunExecuteReader(CommandBehavior cmdBehavior, RunBehavior runBehavior, Boolean returnStream, String method, TaskCompletionSource`1 completion, Int32 timeout, Task& task, Boolean& usedCache, Boolean asyncWrite, Boolean inRetry)
   위치: System.Data.SqlClient.SqlCommand.RunExecuteReader(CommandBehavior cmdBehavior, RunBehavior runBehavior, Boolean returnStream, String method)
   위치: System.Data.SqlClient.SqlCommand.ExecuteReader(CommandBehavior behavior, String method)
   위치: System.Data.SqlClient.SqlCommand.ExecuteReader()
   위치: JPharm._00_DB.PharmDataDB.RequestQuery(String query) 파일 C:\Users\bitks\source\repos\Git_Projects\pharm-JPharm\JPharm\JPharm\00_DB\PharmDataDB.cs:줄 60
ClientConnectionId:027b8f43-802c-4065-9c0a-effc06693d97
Error Number:208,State:1,Class:16 | update PPRESCR3 set Chk2 = 'Y' where Pres_ID = '000010000000010'
[2024-03-28 오전 11:27:46] update PPRESCR3 set Chk2 = 'Y' where Pres_ID = '000010000000010'
[2024-03-28 오전 11:27:46] RequestQuery : System.Data.SqlClient.SqlException (0x80131904): 개체 이름 'PPRESCR3'이(가) 유효하지 않습니다.
   위치: System.Data.SqlClient.SqlConnection.OnError(SqlException exception, Boolean breakConnection, Action`1 wrapCloseInAction)
   위치: System.Data.SqlClient.SqlInternalConnection.OnError(SqlException exception, Boolean breakConnection, Action`1 wrapCloseInAction)
   위치: System.Data.SqlClient.TdsParser.ThrowExceptionAndWarning(TdsParserStateObject stateObj, Boolean callerHasConnectionLock, Boolean asyncClose)
   위치: System.Data.SqlClient.TdsParser.TryRun(RunBehavior runBehavior, SqlCommand cmdHandler, SqlDataReader dataStream, BulkCopySimpleResultSet bulkCopyHandler, TdsParserStateObject stateObj, Boolean& dataReady)
   위치: System.Data.SqlClient.SqlDataReader.TryConsumeMetaData()
   위치: System.Data.SqlClient.SqlDataReader.get_MetaData()
   위치: System.Data.SqlClient.SqlCommand.FinishExecuteReader(SqlDataReader ds, RunBehavior runBehavior, String resetOptionsString, Boolean isInternal, Boolean forDescribeParameterEncryption, Boolean shouldCacheForAlwaysEncrypted)
   위치: System.Data.SqlClient.SqlCommand.RunExecuteReaderTds(CommandBehavior cmdBehavior, RunBehavior runBehavior, Boolean returnStream, Boolean async, Int32 timeout, Task& task, Boolean asyncWrite, Boolean inRetry, SqlDataReader ds, Boolean describeParameterEncryptionRequest)
   위치: System.Data.SqlClient.SqlCommand.RunExecuteReader(CommandBehavior cmdBehavior, RunBehavior runBehavior, Boolean returnStream, String method, TaskCompletionSource`1 completion, Int32 timeout, Task& task, Boolean& usedCache, Boolean asyncWrite, Boolean inRetry)
   위치: System.Data.SqlClient.SqlCommand.RunExecuteReader(CommandBehavior cmdBehavior, RunBehavior runBehavior, Boolean returnStream, String method)
   위치: System.Data.SqlClient.SqlCommand.ExecuteReader(CommandBehavior behavior, String method)
   위치: System.Data.SqlClient.SqlCommand.ExecuteReader()
   위치: JPharm._00_DB.PharmDataDB.RequestQuery(String query) 파일 C:\Users\bitks\source\repos\Git_Projects\pharm-JPharm\JPharm\JPharm\00_DB\PharmDataDB.cs:줄 60
ClientConnectionId:027b8f43-802c-4065-9c0a-effc06693d97
Error Number:208,State:1,Class:16 | update PPRESCR3 set Chk2 = 'Y' where Pres_ID = '000010000000010'
[2024-03-28 오전 11:28:12] update PPRESCR3 set Chk2 = 'Y' where Pres_ID = '000010000000010'
[2024-03-28 오전 11:28:12] RequestQuery : System.Data.SqlClient.SqlException (0x80131904): 개체 이름 'PPRESCR3'이(가) 유효하지 않습니다.
   위치: System.Data.SqlClient.SqlConnection.OnError(SqlException exception, Boolean breakConnection, Action`1 wrapCloseInAction)
   위치: System.Data.SqlClient.SqlInternalConnection.OnError(SqlException exception, Boolean breakConnection, Action`1 wrapCloseInAction)
   위치: System.Data.SqlClient.TdsParser.ThrowExceptionAndWarning(TdsParserStateObject stateObj, Boolean callerHasConnectionLock, Boolean asyncClose)
   위치: System.Data.SqlClient.TdsParser.TryRun(RunBehavior runBehavior, SqlCommand cmdHandler, SqlDataReader dataStream, BulkCopySimpleResultSet bulkCopyHandler, TdsParserStateObject stateObj, Boolean& dataReady)
   위치: System.Data.SqlClient.SqlDataReader.TryConsumeMetaData()
   위치: System.Data.SqlClient.SqlDataReader.get_MetaData()
   위치: System.Data.SqlClient.SqlCommand.FinishExecuteReader(SqlDataReader ds, RunBehavior runBehavior, String resetOptionsString, Boolean isInternal, Boolean forDescribeParameterEncryption, Boolean shouldCacheForAlwaysEncrypted)
   위치: System.Data.SqlClient.SqlCommand.RunExecuteReaderTds(CommandBehavior cmdBehavior, RunBehavior runBehavior, Boolean returnStream, Boolean async, Int32 timeout, Task& task, Boolean asyncWrite, Boolean inRetry, SqlDataReader ds, Boolean describeParameterEncryptionRequest)
   위치: System.Data.SqlClient.SqlCommand.RunExecuteReader(CommandBehavior cmdBehavior, RunBehavior runBehavior, Boolean returnStream, String method, TaskCompletionSource`1 completion, Int32 timeout, Task& task, Boolean& usedCache, Boolean asyncWrite, Boolean inRetry)
   위치: System.Data.SqlClient.SqlCommand.RunExecuteReader(CommandBehavior cmdBehavior, RunBehavior runBehavior, Boolean returnStream, String method)
   위치: System.Data.SqlClient.SqlCommand.ExecuteReader(CommandBehavior behavior, String method)
   위치: System.Data.SqlClient.SqlCommand.ExecuteReader()
   위치: JPharm._00_DB.PharmDataDB.RequestQuery(String query) 파일 C:\Users\bitks\source\repos\Git_Projects\pharm-JPharm\JPharm\JPharm\00_DB\PharmDataDB.cs:줄 60
ClientConnectionId:027b8f43-802c-4065-9c0a-effc06693d97
Error Number:208,State:1,Class:16 | update PPRESCR3 set Chk2 = 'Y' where Pres_ID = '000010000000010'
[2024-03-28 오전 11:30:54] update PPRESCR3 set Chk2 = 'Y' where Pres_ID = '000010000000010'
[2024-03-28 오전 11:30:54] RequestQuery : System.Data.SqlClient.SqlException (0x80131904): 개체 이름 'PPRESCR3'이(가) 유효하지 않습니다.
   위치: System.Data.SqlClient.SqlConnection.OnError(SqlException exception, Boolean breakConnection, Action`1 wrapCloseInAction)
   위치: System.Data.SqlClient.SqlInternalConnection.OnError(SqlException exception, Boolean breakConnection, Action`1 wrapCloseInAction)
   위치: System.Data.SqlClient.TdsParser.ThrowExceptionAndWarning(TdsParserStateObject stateObj, Boolean callerHasConnectionLock, Boolean asyncClose)
   위치: System.Data.SqlClient.TdsParser.TryRun(RunBehavior runBehavior, SqlCommand cmdHandler, SqlDataReader dataStream, BulkCopySimpleResultSet bulkCopyHandler, TdsParserStateObject stateObj, Boolean& dataReady)
   위치: System.Data.SqlClient.SqlDataReader.TryConsumeMetaData()
   위치: System.Data.SqlClient.SqlDataReader.get_MetaData()
   위치: System.Data.SqlClient.SqlCommand.FinishExecuteReader(SqlDataReader ds, RunBehavior runBehavior, String resetOptionsString, Boolean isInternal, Boolean forDescribeParameterEncryption, Boolean shouldCacheForAlwaysEncrypted)
   위치: System.Data.SqlClient.SqlCommand.RunExecuteReaderTds(CommandBehavior cmdBehavior, RunBehavior runBehavior, Boolean returnStream, Boolean async, Int32 timeout, Task& task, Boolean asyncWrite, Boolean inRetry, SqlDataReader ds, Boolean describeParameterEncryptionRequest)
   위치: System.Data.SqlClient.SqlCommand.RunExecuteReader(CommandBehavior cmdBehavior, RunBehavior runBehavior, Boolean returnStream, String method, TaskCompletionSource`1 completion, Int32 timeout, Task& task, Boolean& usedCache, Boolean asyncWrite, Boolean inRetry)
   위치: System.Data.SqlClient.SqlCommand.RunExecuteReader(CommandBehavior cmdBehavior, RunBehavior runBehavior, Boolean returnStream, String method)
   위치: System.Data.SqlClient.SqlCommand.ExecuteReader(CommandBehavior behavior, String method)
   위치: System.Data.SqlClient.SqlCommand.ExecuteReader()
   위치: JPharm._00_DB.PharmDataDB.RequestQuery(String query) 파일 C:\Users\bitks\source\repos\Git_Projects\pharm-JPharm\JPharm\JPharm\00_DB\PharmDataDB.cs:줄 60
ClientConnectionId:027b8f43-802c-4065-9c0a-effc06693d97
Error Number:208,State:1,Class:16 | update PPRESCR3 set Chk2 = 'Y' where Pres_ID = '000010000000010'
[2024-03-28 오전 11:31:02] update PPRESCR3 set Chk2 = 'Y' where Pres_ID = '000010000000010'
[2024-03-28 오전 11:31:02] RequestQuery : System.Data.SqlClient.SqlException (0x80131904): 개체 이름 'PPRESCR3'이(가) 유효하지 않습니다.
   위치: System.Data.SqlClient.SqlConnection.OnError(SqlException exception, Boolean breakConnection, Action`1 wrapCloseInAction)
   위치: System.Data.SqlClient.SqlInternalConnection.OnError(SqlException exception, Boolean breakConnection, Action`1 wrapCloseInAction)
   위치: System.Data.SqlClient.TdsParser.ThrowExceptionAndWarning(TdsParserStateObject stateObj, Boolean callerHasConnectionLock, Boolean asyncClose)
   위치: System.Data.SqlClient.TdsParser.TryRun(RunBehavior runBehavior, SqlCommand cmdHandler, SqlDataReader dataStream, BulkCopySimpleResultSet bulkCopyHandler, TdsParserStateObject stateObj, Boolean& dataReady)
   위치: System.Data.SqlClient.SqlDataReader.TryConsumeMetaData()
   위치: System.Data.SqlClient.SqlDataReader.get_MetaData()
   위치: System.Data.SqlClient.SqlCommand.FinishExecuteReader(SqlDataReader ds, RunBehavior runBehavior, String resetOptionsString, Boolean isInternal, Boolean forDescribeParameterEncryption, Boolean shouldCacheForAlwaysEncrypted)
   위치: System.Data.SqlClient.SqlCommand.RunExecuteReaderTds(CommandBehavior cmdBehavior, RunBehavior runBehavior, Boolean returnStream, Boolean async, Int32 timeout, Task& task, Boolean asyncWrite, Boolean inRetry, SqlDataReader ds, Boolean describeParameterEncryptionRequest)
   위치: System.Data.SqlClient.SqlCommand.RunExecuteReader(CommandBehavior cmdBehavior, RunBehavior runBehavior, Boolean returnStream, String method, TaskCompletionSource`1 completion, Int32 timeout, Task& task, Boolean& usedCache, Boolean asyncWrite, Boolean inRetry)
   위치: System.Data.SqlClient.SqlCommand.RunExecuteReader(CommandBehavior cmdBehavior, RunBehavior runBehavior, Boolean returnStream, String method)
   위치: System.Data.SqlClient.SqlCommand.ExecuteReader(CommandBehavior behavior, String method)
   위치: System.Data.SqlClient.SqlCommand.ExecuteReader()
   위치: JPharm._00_DB.PharmDataDB.RequestQuery(String query) 파일 C:\Users\bitks\source\repos\Git_Projects\pharm-JPharm\JPharm\JPharm\00_DB\PharmDataDB.cs:줄 60
ClientConnectionId:027b8f43-802c-4065-9c0a-effc06693d97
Error Number:208,State:1,Class:16 | update PPRESCR3 set Chk2 = 'Y' where Pres_ID = '000010000000010'
[2024-03-28 오후 2:34:50] update PPRESCR3 set Chk2 = 'Y' where Pres_ID = '000010000000010'
[2024-03-28 오후 2:34:50] RequestQuery : System.Data.SqlClient.SqlException (0x80131904): 개체 이름 'PPRESCR3'이(가) 유효하지 않습니다.
   위치: System.Data.SqlClient.SqlConnection.OnError(SqlException exception, Boolean breakConnection, Action`1 wrapCloseInAction)
   위치: System.Data.SqlClient.SqlInternalConnection.OnError(SqlException exception, Boolean breakConnection, Action`1 wrapCloseInAction)
   위치: System.Data.SqlClient.TdsParser.ThrowExceptionAndWarning(TdsParserStateObject stateObj, Boolean callerHasConnectionLock, Boolean asyncClose)
   위치: System.Data.SqlClient.TdsParser.TryRun(RunBehavior runBehavior, SqlCommand cmdHandler, SqlDataReader dataStream, BulkCopySimpleResultSet bulkCopyHandler, TdsParserStateObject stateObj, Boolean& dataReady)
   위치: System.Data.SqlClient.SqlDataReader.TryConsumeMetaData()
   위치: System.Data.SqlClient.SqlDataReader.get_MetaData()
   위치: System.Data.SqlClient.SqlCommand.FinishExecuteReader(SqlDataReader ds, RunBehavior runBehavior, String resetOptionsString, Boolean isInternal, Boolean forDescribeParameterEncryption, Boolean shouldCacheForAlwaysEncrypted)
   위치: System.Data.SqlClient.SqlCommand.RunExecuteReaderTds(CommandBehavior cmdBehavior, RunBehavior runBehavior, Boolean returnStream, Boolean async, Int32 timeout, Task& task, Boolean asyncWrite, Boolean inRetry, SqlDataReader ds, Boolean describeParameterEncryptionRequest)
   위치: System.Data.SqlClient.SqlCommand.RunExecuteReader(CommandBehavior cmdBehavior, RunBehavior runBehavior, Boolean returnStream, String method, TaskCompletionSource`1 completion, Int32 timeout, Task& task, Boolean& usedCache, Boolean asyncWrite, Boolean inRetry)
   위치: System.Data.SqlClient.SqlCommand.RunExecuteReader(CommandBehavior cmdBehavior, RunBehavior runBehavior, Boolean returnStream, String method)
   위치: System.Data.SqlClient.SqlCommand.ExecuteReader(CommandBehavior behavior, String method)
   위치: System.Data.SqlClient.SqlCommand.ExecuteReader()
   위치: JPharm._00_DB.PharmDataDB.RequestQuery(String query) 파일 C:\Users\bitks\source\repos\Git_Projects\pharm-JPharm\JPharm\JPharm\00_DB\PharmDataDB.cs:줄 60
ClientConnectionId:4b649a3d-9cc0-4a19-ae44-635d1ff26f97
Error Number:208,State:1,Class:16 | update PPRESCR3 set Chk2 = 'Y' where Pres_ID = '000010000000010'
[2024-03-28 오후 2:34:52] update PPRESCR3 set Chk2 = 'Y' where Pres_ID = '000010000000010'
[2024-03-28 오후 2:34:52] RequestQuery : System.Data.SqlClient.SqlException (0x80131904): 개체 이름 'PPRESCR3'이(가) 유효하지 않습니다.
   위치: System.Data.SqlClient.SqlConnection.OnError(SqlException exception, Boolean breakConnection, Action`1 wrapCloseInAction)
   위치: System.Data.SqlClient.SqlInternalConnection.OnError(SqlException exception, Boolean breakConnection, Action`1 wrapCloseInAction)
   위치: System.Data.SqlClient.TdsParser.ThrowExceptionAndWarning(TdsParserStateObject stateObj, Boolean callerHasConnectionLock, Boolean asyncClose)
   위치: System.Data.SqlClient.TdsParser.TryRun(RunBehavior runBehavior, SqlCommand cmdHandler, SqlDataReader dataStream, BulkCopySimpleResultSet bulkCopyHandler, TdsParserStateObject stateObj, Boolean& dataReady)
   위치: System.Data.SqlClient.SqlDataReader.TryConsumeMetaData()
   위치: System.Data.SqlClient.SqlDataReader.get_MetaData()
   위치: System.Data.SqlClient.SqlCommand.FinishExecuteReader(SqlDataReader ds, RunBehavior runBehavior, String resetOptionsString, Boolean isInternal, Boolean forDescribeParameterEncryption, Boolean shouldCacheForAlwaysEncrypted)
   위치: System.Data.SqlClient.SqlCommand.RunExecuteReaderTds(CommandBehavior cmdBehavior, RunBehavior runBehavior, Boolean returnStream, Boolean async, Int32 timeout, Task& task, Boolean asyncWrite, Boolean inRetry, SqlDataReader ds, Boolean describeParameterEncryptionRequest)
   위치: System.Data.SqlClient.SqlCommand.RunExecuteReader(CommandBehavior cmdBehavior, RunBehavior runBehavior, Boolean returnStream, String method, TaskCompletionSource`1 completion, Int32 timeout, Task& task, Boolean& usedCache, Boolean asyncWrite, Boolean inRetry)
   위치: System.Data.SqlClient.SqlCommand.RunExecuteReader(CommandBehavior cmdBehavior, RunBehavior runBehavior, Boolean returnStream, String method)
   위치: System.Data.SqlClient.SqlCommand.ExecuteReader(CommandBehavior behavior, String method)
   위치: System.Data.SqlClient.SqlCommand.ExecuteReader()
   위치: JPharm._00_DB.PharmDataDB.RequestQuery(String query) 파일 C:\Users\bitks\source\repos\Git_Projects\pharm-JPharm\JPharm\JPharm\00_DB\PharmDataDB.cs:줄 60
ClientConnectionId:4b649a3d-9cc0-4a19-ae44-635d1ff26f97
Error Number:208,State:1,Class:16 | update PPRESCR3 set Chk2 = 'Y' where Pres_ID = '000010000000010'
[2024-03-28 오후 2:47:44] update PPRESCR3 set Chk2 = 'Y' where Pres_ID = '000010000000010'
[2024-03-28 오후 2:47:44] RequestQuery : System.Data.SqlClient.SqlException (0x80131904): 개체 이름 'PPRESCR3'이(가) 유효하지 않습니다.
   위치: System.Data.SqlClient.SqlConnection.OnError(SqlException exception, Boolean breakConnection, Action`1 wrapCloseInAction)
   위치: System.Data.SqlClient.SqlInternalConnection.OnError(SqlException exception, Boolean breakConnection, Action`1 wrapCloseInAction)
   위치: System.Data.SqlClient.TdsParser.ThrowExceptionAndWarning(TdsParserStateObject stateObj, Boolean callerHasConnectionLock, Boolean asyncClose)
   위치: System.Data.SqlClient.TdsParser.TryRun(RunBehavior runBehavior, SqlCommand cmdHandler, SqlDataReader dataStream, BulkCopySimpleResultSet bulkCopyHandler, TdsParserStateObject stateObj, Boolean& dataReady)
   위치: System.Data.SqlClient.SqlDataReader.TryConsumeMetaData()
   위치: System.Data.SqlClient.SqlDataReader.get_MetaData()
   위치: System.Data.SqlClient.SqlCommand.FinishExecuteReader(SqlDataReader ds, RunBehavior runBehavior, String resetOptionsString, Boolean isInternal, Boolean forDescribeParameterEncryption, Boolean shouldCacheForAlwaysEncrypted)
   위치: System.Data.SqlClient.SqlCommand.RunExecuteReaderTds(CommandBehavior cmdBehavior, RunBehavior runBehavior, Boolean returnStream, Boolean async, Int32 timeout, Task& task, Boolean asyncWrite, Boolean inRetry, SqlDataReader ds, Boolean describeParameterEncryptionRequest)
   위치: System.Data.SqlClient.SqlCommand.RunExecuteReader(CommandBehavior cmdBehavior, RunBehavior runBehavior, Boolean returnStream, String method, TaskCompletionSource`1 completion, Int32 timeout, Task& task, Boolean& usedCache, Boolean asyncWrite, Boolean inRetry)
   위치: System.Data.SqlClient.SqlCommand.RunExecuteReader(CommandBehavior cmdBehavior, RunBehavior runBehavior, Boolean returnStream, String method)
   위치: System.Data.SqlClient.SqlCommand.ExecuteReader(CommandBehavior behavior, String method)
   위치: System.Data.SqlClient.SqlCommand.ExecuteReader()
   위치: JPharm._00_DB.PharmDataDB.RequestQuery(String query) 파일 C:\Users\bitks\source\repos\Git_Projects\pharm-JPharm\JPharm\JPharm\00_DB\PharmDataDB.cs:줄 60
ClientConnectionId:423ad1bc-64d6-41ca-85b6-af956469c809
Error Number:208,State:1,Class:16 | update PPRESCR3 set Chk2 = 'Y' where Pres_ID = '000010000000010'
[2024-03-28 오후 6:00:26] [Form_Closing]
